<?xml version="1.0" encoding="UTF-8"?>
<!-- Generated by org.testng.reporters.JUnitReportReporter -->
<testsuite hostname="DESKTOP-5JVS2ET" failures="0" tests="1" name="TestPackage.NewTesT" time="94.607" errors="0" timestamp="2020-12-26T19:54:49 EET" skipped="0">
  <testcase classname="TestPackage.NewTesT" name="LoginTest" time="94.607"/>
  <system-out/>
</testsuite> <!-- TestPackage.NewTesT -->
