<?xml version="1.0" encoding="UTF-8"?>
<!-- Generated by org.testng.reporters.JUnitReportReporter -->
<testsuite hostname="DESKTOP-5JVS2ET" failures="0" tests="1" name="Tests.NewTesT" time="56.032" errors="0" timestamp="2020-12-27T22:46:15 EET" skipped="0">
  <testcase classname="Tests.NewTesT" name="LoginTest" time="56.032"/>
  <system-out/>
</testsuite> <!-- Tests.NewTesT -->
