<?xml version="1.0" encoding="UTF-8"?>
<!-- Generated by org.testng.reporters.JUnitReportReporter -->
<testsuite hostname="DESKTOP-5JVS2ET" failures="0" tests="1" name="Tests.NewTesT" time="49.821" errors="0" timestamp="2020-12-26T21:53:58 EET" skipped="0">
  <testcase classname="Tests.NewTesT" name="LoginTest" time="49.821"/>
  <system-out/>
</testsuite> <!-- Tests.NewTesT -->
